Using pre-set license
Built from '2020.2/release' branch; Version is '2020.2.2f1 (068178b99f32) revision 426360'; Using compiler version '192528614'; Build Type 'Release'
OS: 'Windows 10 Enterprise; OS build 18363.1440; Version 1909; 64bit' Language: 'en' Physical Memory: 16304 MB
BatchMode: 1, IsHumanControllingUs: 0, StartBugReporterOnCrash: 0, Is64bit: 1, IsPro: 0

 COMMAND LINE ARGUMENTS:
C:\Program Files\Unity\Hub\Editor\2020.2.2f1\Editor\Unity.exe
-adb2
-batchMode
-noUpm
-name
AssetImportWorker0
-projectPath
C:/Users/1B56E1C25A51198F/Documents/GitHub/One Button Game
-logFile
Logs/AssetImportWorker0.log
-srvPort
50296
Successfully changed project path to: C:/Users/1B56E1C25A51198F/Documents/GitHub/One Button Game
C:/Users/1B56E1C25A51198F/Documents/GitHub/One Button Game
Using Asset Import Pipeline V2.
Refreshing native plugins compatible for Editor in 39.53 ms, found 1 plugins.
Preloading 0 native plugins for Editor in 0.00 ms.
Initialize engine version: 2020.2.2f1 (068178b99f32)
[Subsystems] Discovering subsystems at path C:/Program Files/Unity/Hub/Editor/2020.2.2f1/Editor/Data/Resources/UnitySubsystems
[Subsystems] Discovering subsystems at path C:/Users/1B56E1C25A51198F/Documents/GitHub/One Button Game/Assets
GfxDevice: creating device client; threaded=0
Direct3D:
    Version:  Direct3D 11.0 [level 11.0]
    Renderer: NVIDIA Quadro K2200  (ID=0x13ba)
    Vendor:   
    VRAM:     4035 MB
    Driver:   10.18.13.5362
Initialize mono
Mono path[0] = 'C:/Program Files/Unity/Hub/Editor/2020.2.2f1/Editor/Data/Managed'
Mono path[1] = 'C:/Program Files/Unity/Hub/Editor/2020.2.2f1/Editor/Data/MonoBleedingEdge/lib/mono/unityjit'
Mono config path = 'C:/Program Files/Unity/Hub/Editor/2020.2.2f1/Editor/Data/MonoBleedingEdge/etc'
Using monoOptions --debugger-agent=transport=dt_socket,embedding=1,server=y,suspend=n,address=127.0.0.1:56100
Begin MonoManager ReloadAssembly
Registering precompiled unity dll's ...
Register platform support module: C:/Program Files/Unity/Hub/Editor/2020.2.2f1/Editor/Data/PlaybackEngines/WindowsStandaloneSupport/UnityEditor.WindowsStandalone.Extensions.dll
Registered in 0.001372 seconds.
Native extension for WindowsStandalone target not found
Refreshing native plugins compatible for Editor in 36.54 ms, found 1 plugins.
Preloading 0 native plugins for Editor in 0.00 ms.
Invoked RoslynAnalysisRunner static constructor.
RoslynAnalysisRunner will not be running.
RoslynAnalysisRunner has terminated.
Mono: successfully reloaded assembly
- Completed reload, in  1.966 seconds
Platform modules already initialized, skipping
Registering precompiled user dll's ...
Registered in 0.000849 seconds.
Begin MonoManager ReloadAssembly
Native extension for WindowsStandalone target not found
Refreshing native plugins compatible for Editor in 37.08 ms, found 1 plugins.
Preloading 0 native plugins for Editor in 0.00 ms.
Invoked RoslynAnalysisRunner static constructor.
RoslynAnalysisRunner will not be running.
RoslynAnalysisRunner has terminated.
Mono: successfully reloaded assembly
- Completed reload, in  0.982 seconds
Platform modules already initialized, skipping
========================================================================
Worker process is ready to serve import requests
Launched and connected shader compiler UnityShaderCompiler.exe after 0.05 seconds
Refreshing native plugins compatible for Editor in 0.33 ms, found 1 plugins.
Preloading 0 native plugins for Editor in 0.00 ms.
Unloading 1792 Unused Serialized files (Serialized files now loaded: 0)
System memory in use before: 84.2 MB.
System memory in use after: 84.2 MB.

Unloading 24 unused Assets to reduce memory usage. Loaded Objects now: 2233.
Total: 2.167500 ms (FindLiveObjects: 0.208400 ms CreateObjectMapping: 0.080500 ms MarkObjects: 1.696200 ms  DeleteObjects: 0.181400 ms)

========================================================================
Received Import Request.
  path: Assets
  artifactKey: Guid(00000000000000001000000000000000) Importer(815301076,1909f56bfc062723c751e8b465ee728b)
Start importing Assets using Guid(00000000000000001000000000000000) Importer(815301076,1909f56bfc062723c751e8b465ee728b)  -> (artifact id: '4a6e520b92ccfc61bcfa21a7bcab8468') in 0.009688 seconds
  Import took 0.012861 seconds .

========================================================================
Received Import Request.
  Time since last request: 2.611505 seconds.
  path: Assets
  artifactKey: Guid(00000000000000001000000000000000) Importer(815301076,1909f56bfc062723c751e8b465ee728b)
Start importing Assets using Guid(00000000000000001000000000000000) Importer(815301076,1909f56bfc062723c751e8b465ee728b)  -> (artifact id: '4a6e520b92ccfc61bcfa21a7bcab8468') in 0.002969 seconds
  Import took 0.006762 seconds .

========================================================================
Received Import Request.
  Time since last request: 5.129845 seconds.
  path: Assets/One Button Game
  artifactKey: Guid(e17d082fa75373a4fb4b83bb68ff5427) Importer(815301076,1909f56bfc062723c751e8b465ee728b)
Start importing Assets/One Button Game using Guid(e17d082fa75373a4fb4b83bb68ff5427) Importer(815301076,1909f56bfc062723c751e8b465ee728b)  -> (artifact id: '2d0dce833a7b0f722070a70322268dbc') in 0.009501 seconds
  Import took 0.013747 seconds .

========================================================================
Received Import Request.
  Time since last request: 16.407397 seconds.
  path: Assets/One Button Game/Prefabs
  artifactKey: Guid(6aac5a2232dc0a94a9f1718ed3c8b819) Importer(815301076,1909f56bfc062723c751e8b465ee728b)
Start importing Assets/One Button Game/Prefabs using Guid(6aac5a2232dc0a94a9f1718ed3c8b819) Importer(815301076,1909f56bfc062723c751e8b465ee728b)  -> (artifact id: '2385bbebc3a5abeb9958c53f27b37245') in 0.009877 seconds
  Import took 0.016839 seconds .

========================================================================
Received Import Request.
  Time since last request: 0.000799 seconds.
  path: Assets/One Button Game/Prefabs
  artifactKey: Guid(6aac5a2232dc0a94a9f1718ed3c8b819) Importer(815301076,1909f56bfc062723c751e8b465ee728b)
Start importing Assets/One Button Game/Prefabs using Guid(6aac5a2232dc0a94a9f1718ed3c8b819) Importer(815301076,1909f56bfc062723c751e8b465ee728b)  -> (artifact id: '2385bbebc3a5abeb9958c53f27b37245') in 0.004606 seconds
  Import took 0.007886 seconds .

========================================================================
Received Import Request.
  Time since last request: 9.221927 seconds.
  path: Assets/One Button Game/Scripts
  artifactKey: Guid(9bdccbcb6953570419c6b310dbb82566) Importer(815301076,1909f56bfc062723c751e8b465ee728b)
Start importing Assets/One Button Game/Scripts using Guid(9bdccbcb6953570419c6b310dbb82566) Importer(815301076,1909f56bfc062723c751e8b465ee728b)  -> (artifact id: 'eb86ea654dea80852e2db11d65b6342d') in 0.009856 seconds
  Import took 0.013018 seconds .

========================================================================
Received Import Request.
  Time since last request: 10.501262 seconds.
  path: Assets/One Button Game/Sprites
  artifactKey: Guid(59c3cf860491fe64ab584452854974be) Importer(815301076,1909f56bfc062723c751e8b465ee728b)
Start importing Assets/One Button Game/Sprites using Guid(59c3cf860491fe64ab584452854974be) Importer(815301076,1909f56bfc062723c751e8b465ee728b)  -> (artifact id: '9564ca89198ec6e42bfe532911f669d5') in 0.009305 seconds
  Import took 0.012206 seconds .

========================================================================
Received Import Request.
  Time since last request: 2.575729 seconds.
  path: Assets/One Button Game/Scenes
  artifactKey: Guid(459e19f21e1cc9a4391febfedb194ab9) Importer(815301076,1909f56bfc062723c751e8b465ee728b)
Start importing Assets/One Button Game/Scenes using Guid(459e19f21e1cc9a4391febfedb194ab9) Importer(815301076,1909f56bfc062723c751e8b465ee728b)  -> (artifact id: '57d649319ab42f70882af661520c2a73') in 0.008481 seconds
  Import took 0.014344 seconds .

========================================================================
Received Import Request.
  Time since last request: 438.681918 seconds.
  path: Assets/One Button Game/Scripts/NewBehaviourScript.cs
  artifactKey: Guid(cec96672684a7ad4a8507582cba1838d) Importer(815301076,1909f56bfc062723c751e8b465ee728b)
Start importing Assets/One Button Game/Scripts/NewBehaviourScript.cs using Guid(cec96672684a7ad4a8507582cba1838d) Importer(815301076,1909f56bfc062723c751e8b465ee728b)  -> (artifact id: '67537dc8e24d4c81027b24ce518aa1ba') in 0.028863 seconds
  Import took 0.032407 seconds .

========================================================================
Received Import Request.
  Time since last request: 0.007980 seconds.
  path: Assets/One Button Game/Scripts/NewBehaviourScript.cs
  artifactKey: Guid(cec96672684a7ad4a8507582cba1838d) Importer(815301076,1909f56bfc062723c751e8b465ee728b)
Start importing Assets/One Button Game/Scripts/NewBehaviourScript.cs using Guid(cec96672684a7ad4a8507582cba1838d) Importer(815301076,1909f56bfc062723c751e8b465ee728b)  -> (artifact id: '67537dc8e24d4c81027b24ce518aa1ba') in 0.004965 seconds
  Import took 0.009489 seconds .

========================================================================
Received Prepare
Registering precompiled user dll's ...
Registered in 0.000843 seconds.
Begin MonoManager ReloadAssembly
Native extension for WindowsStandalone target not found
Refreshing native plugins compatible for Editor in 0.36 ms, found 1 plugins.
Preloading 0 native plugins for Editor in 0.00 ms.
Invoked RoslynAnalysisRunner static constructor.
RoslynAnalysisRunner will not be running.
RoslynAnalysisRunner has terminated.
Mono: successfully reloaded assembly
- Completed reload, in  0.825 seconds
Platform modules already initialized, skipping
Refreshing native plugins compatible for Editor in 0.42 ms, found 1 plugins.
Preloading 0 native plugins for Editor in 0.00 ms.
Unloading 1788 Unused Serialized files (Serialized files now loaded: 0)
System memory in use before: 84.3 MB.
System memory in use after: 84.3 MB.

Unloading 12 unused Assets to reduce memory usage. Loaded Objects now: 2237.
Total: 2.128300 ms (FindLiveObjects: 0.326900 ms CreateObjectMapping: 0.131000 ms MarkObjects: 1.543800 ms  DeleteObjects: 0.125900 ms)

========================================================================
Received Prepare
Registering precompiled user dll's ...
Registered in 0.000805 seconds.
Begin MonoManager ReloadAssembly
Native extension for WindowsStandalone target not found
Refreshing native plugins compatible for Editor in 0.44 ms, found 1 plugins.
Preloading 0 native plugins for Editor in 0.00 ms.
Invoked RoslynAnalysisRunner static constructor.
RoslynAnalysisRunner will not be running.
RoslynAnalysisRunner has terminated.
Mono: successfully reloaded assembly
- Completed reload, in  0.855 seconds
Platform modules already initialized, skipping
Refreshing native plugins compatible for Editor in 0.37 ms, found 1 plugins.
Preloading 0 native plugins for Editor in 0.00 ms.
Unloading 1787 Unused Serialized files (Serialized files now loaded: 0)
System memory in use before: 84.4 MB.
System memory in use after: 84.4 MB.

Unloading 13 unused Assets to reduce memory usage. Loaded Objects now: 2239.
Total: 2.017400 ms (FindLiveObjects: 0.177600 ms CreateObjectMapping: 0.070300 ms MarkObjects: 1.667500 ms  DeleteObjects: 0.101200 ms)

========================================================================
Received Import Request.
  Time since last request: 824.743957 seconds.
  path: Assets/One Button Game/Scripts/Player.cs
  artifactKey: Guid(03c14e8b6b44197489c7cfcc343ef1c1) Importer(815301076,1909f56bfc062723c751e8b465ee728b)
Start importing Assets/One Button Game/Scripts/Player.cs using Guid(03c14e8b6b44197489c7cfcc343ef1c1) Importer(815301076,1909f56bfc062723c751e8b465ee728b)  -> (artifact id: 'c96810d92000a78c6337067e151f4ee2') in 0.009778 seconds
  Import took 0.015263 seconds .

========================================================================
Received Import Request.
  Time since last request: 0.020098 seconds.
  path: Assets/One Button Game/Scripts/Player.cs
  artifactKey: Guid(03c14e8b6b44197489c7cfcc343ef1c1) Importer(815301076,1909f56bfc062723c751e8b465ee728b)
Start importing Assets/One Button Game/Scripts/Player.cs using Guid(03c14e8b6b44197489c7cfcc343ef1c1) Importer(815301076,1909f56bfc062723c751e8b465ee728b)  -> (artifact id: 'c96810d92000a78c6337067e151f4ee2') in 0.007627 seconds
  Import took 0.010923 seconds .

========================================================================
Received Prepare
Registering precompiled user dll's ...
Registered in 0.000779 seconds.
Begin MonoManager ReloadAssembly
Native extension for WindowsStandalone target not found
Refreshing native plugins compatible for Editor in 0.32 ms, found 1 plugins.
Preloading 0 native plugins for Editor in 0.00 ms.
Invoked RoslynAnalysisRunner static constructor.
RoslynAnalysisRunner will not be running.
RoslynAnalysisRunner has terminated.
Mono: successfully reloaded assembly
- Completed reload, in  0.807 seconds
Platform modules already initialized, skipping
Refreshing native plugins compatible for Editor in 0.38 ms, found 1 plugins.
Preloading 0 native plugins for Editor in 0.00 ms.
Unloading 1788 Unused Serialized files (Serialized files now loaded: 0)
System memory in use before: 84.5 MB.
System memory in use after: 84.5 MB.

Unloading 12 unused Assets to reduce memory usage. Loaded Objects now: 2243.
Total: 1.883000 ms (FindLiveObjects: 0.172400 ms CreateObjectMapping: 0.046300 ms MarkObjects: 1.532500 ms  DeleteObjects: 0.130800 ms)

========================================================================
Received Import Request.
  Time since last request: 25.226017 seconds.
  path: Assets/One Button Game/Scripts/PlayerAbilities.cs
  artifactKey: Guid(03c14e8b6b44197489c7cfcc343ef1c1) Importer(815301076,1909f56bfc062723c751e8b465ee728b)
Start importing Assets/One Button Game/Scripts/PlayerAbilities.cs using Guid(03c14e8b6b44197489c7cfcc343ef1c1) Importer(815301076,1909f56bfc062723c751e8b465ee728b)  -> (artifact id: '748e6ef5fee3499425084b96b640eee1') in 0.015836 seconds
  Import took 0.022280 seconds .

========================================================================
Received Prepare
Registering precompiled user dll's ...
Registered in 0.000766 seconds.
Begin MonoManager ReloadAssembly
Native extension for WindowsStandalone target not found
Refreshing native plugins compatible for Editor in 0.31 ms, found 1 plugins.
Preloading 0 native plugins for Editor in 0.00 ms.
Invoked RoslynAnalysisRunner static constructor.
RoslynAnalysisRunner will not be running.
RoslynAnalysisRunner has terminated.
Mono: successfully reloaded assembly
- Completed reload, in  0.840 seconds
Platform modules already initialized, skipping
Refreshing native plugins compatible for Editor in 0.35 ms, found 1 plugins.
Preloading 0 native plugins for Editor in 0.00 ms.
Unloading 1788 Unused Serialized files (Serialized files now loaded: 0)
System memory in use before: 84.5 MB.
System memory in use after: 84.5 MB.

Unloading 12 unused Assets to reduce memory usage. Loaded Objects now: 2246.
Total: 2.155000 ms (FindLiveObjects: 0.260200 ms CreateObjectMapping: 0.149400 ms MarkObjects: 1.597700 ms  DeleteObjects: 0.146600 ms)

========================================================================
Received Prepare
Registering precompiled user dll's ...
Registered in 0.000895 seconds.
Begin MonoManager ReloadAssembly
Native extension for WindowsStandalone target not found
Refreshing native plugins compatible for Editor in 0.31 ms, found 1 plugins.
Preloading 0 native plugins for Editor in 0.00 ms.
Invoked RoslynAnalysisRunner static constructor.
RoslynAnalysisRunner will not be running.
RoslynAnalysisRunner has terminated.
Mono: successfully reloaded assembly
- Completed reload, in  0.850 seconds
Platform modules already initialized, skipping
Refreshing native plugins compatible for Editor in 0.34 ms, found 1 plugins.
Preloading 0 native plugins for Editor in 0.00 ms.
Unloading 1789 Unused Serialized files (Serialized files now loaded: 0)
System memory in use before: 84.6 MB.
System memory in use after: 84.6 MB.

Unloading 12 unused Assets to reduce memory usage. Loaded Objects now: 2250.
Total: 2.081100 ms (FindLiveObjects: 0.192600 ms CreateObjectMapping: 0.073200 ms MarkObjects: 1.718600 ms  DeleteObjects: 0.095700 ms)

========================================================================
Received Prepare
Registering precompiled user dll's ...
Registered in 0.000868 seconds.
Begin MonoManager ReloadAssembly
Native extension for WindowsStandalone target not found
Refreshing native plugins compatible for Editor in 0.32 ms, found 1 plugins.
Preloading 0 native plugins for Editor in 0.00 ms.
Invoked RoslynAnalysisRunner static constructor.
RoslynAnalysisRunner will not be running.
RoslynAnalysisRunner has terminated.
Mono: successfully reloaded assembly
- Completed reload, in  0.838 seconds
Platform modules already initialized, skipping
Refreshing native plugins compatible for Editor in 0.34 ms, found 1 plugins.
Preloading 0 native plugins for Editor in 0.00 ms.
Unloading 1788 Unused Serialized files (Serialized files now loaded: 0)
System memory in use before: 84.7 MB.
System memory in use after: 84.7 MB.

Unloading 13 unused Assets to reduce memory usage. Loaded Objects now: 2252.
Total: 2.237500 ms (FindLiveObjects: 0.178500 ms CreateObjectMapping: 0.068600 ms MarkObjects: 1.887500 ms  DeleteObjects: 0.101600 ms)

========================================================================
Received Prepare
Registering precompiled user dll's ...
Registered in 0.001125 seconds.
Begin MonoManager ReloadAssembly
Native extension for WindowsStandalone target not found
Refreshing native plugins compatible for Editor in 0.33 ms, found 1 plugins.
Preloading 0 native plugins for Editor in 0.00 ms.
Invoked RoslynAnalysisRunner static constructor.
RoslynAnalysisRunner will not be running.
RoslynAnalysisRunner has terminated.
Mono: successfully reloaded assembly
- Completed reload, in  0.952 seconds
Platform modules already initialized, skipping
Refreshing native plugins compatible for Editor in 0.37 ms, found 1 plugins.
Preloading 0 native plugins for Editor in 0.00 ms.
Unloading 1788 Unused Serialized files (Serialized files now loaded: 0)
System memory in use before: 84.7 MB.
System memory in use after: 84.7 MB.

Unloading 12 unused Assets to reduce memory usage. Loaded Objects now: 2255.
Total: 2.023600 ms (FindLiveObjects: 0.184900 ms CreateObjectMapping: 0.133100 ms MarkObjects: 1.608800 ms  DeleteObjects: 0.095000 ms)

========================================================================
Received Import Request.
  Time since last request: 887.719136 seconds.
  path: Assets/One Button Game/Scripts/PlayerAbilities.cs
  artifactKey: Guid(03c14e8b6b44197489c7cfcc343ef1c1) Importer(815301076,1909f56bfc062723c751e8b465ee728b)
Start importing Assets/One Button Game/Scripts/PlayerAbilities.cs using Guid(03c14e8b6b44197489c7cfcc343ef1c1) Importer(815301076,1909f56bfc062723c751e8b465ee728b)  -> (artifact id: '6a90c4502cee3da55cadbef593ac4c5e') in 0.004994 seconds
  Import took 0.010153 seconds .

========================================================================
Received Import Request.
  Time since last request: 7.285125 seconds.
  path: Assets/One Button Game/Scripts/Asteroids.cs
  artifactKey: Guid(8a29da4696c3370419249bf783297101) Importer(815301076,1909f56bfc062723c751e8b465ee728b)
Start importing Assets/One Button Game/Scripts/Asteroids.cs using Guid(8a29da4696c3370419249bf783297101) Importer(815301076,1909f56bfc062723c751e8b465ee728b)  -> (artifact id: 'eb34555a5c2de4125f0ebd1f35781671') in 0.019094 seconds
  Import took 0.023807 seconds .

========================================================================
Received Prepare
Registering precompiled user dll's ...
Registered in 0.000868 seconds.
Begin MonoManager ReloadAssembly
Native extension for WindowsStandalone target not found
Refreshing native plugins compatible for Editor in 0.32 ms, found 1 plugins.
Preloading 0 native plugins for Editor in 0.00 ms.
Invoked RoslynAnalysisRunner static constructor.
RoslynAnalysisRunner will not be running.
RoslynAnalysisRunner has terminated.
Mono: successfully reloaded assembly
- Completed reload, in  0.961 seconds
Platform modules already initialized, skipping
Refreshing native plugins compatible for Editor in 0.44 ms, found 1 plugins.
Preloading 0 native plugins for Editor in 0.00 ms.
Unloading 1789 Unused Serialized files (Serialized files now loaded: 0)
System memory in use before: 84.8 MB.
System memory in use after: 84.8 MB.

Unloading 12 unused Assets to reduce memory usage. Loaded Objects now: 2259.
Total: 2.114000 ms (FindLiveObjects: 0.387000 ms CreateObjectMapping: 0.079500 ms MarkObjects: 1.518200 ms  DeleteObjects: 0.128200 ms)

========================================================================
Received Prepare
Registering precompiled user dll's ...
Registered in 0.000750 seconds.
Begin MonoManager ReloadAssembly
Native extension for WindowsStandalone target not found
Refreshing native plugins compatible for Editor in 0.31 ms, found 1 plugins.
Preloading 0 native plugins for Editor in 0.00 ms.
Invoked RoslynAnalysisRunner static constructor.
RoslynAnalysisRunner will not be running.
RoslynAnalysisRunner has terminated.
Mono: successfully reloaded assembly
- Completed reload, in  0.790 seconds
Platform modules already initialized, skipping
Refreshing native plugins compatible for Editor in 0.35 ms, found 1 plugins.
Preloading 0 native plugins for Editor in 0.00 ms.
Unloading 1790 Unused Serialized files (Serialized files now loaded: 0)
System memory in use before: 84.9 MB.
System memory in use after: 84.9 MB.

Unloading 12 unused Assets to reduce memory usage. Loaded Objects now: 2263.
Total: 1.934000 ms (FindLiveObjects: 0.176100 ms CreateObjectMapping: 0.068900 ms MarkObjects: 1.593500 ms  DeleteObjects: 0.094800 ms)

========================================================================
Received Prepare
Registering precompiled user dll's ...
Registered in 0.000849 seconds.
Begin MonoManager ReloadAssembly
Native extension for WindowsStandalone target not found
Refreshing native plugins compatible for Editor in 0.31 ms, found 1 plugins.
Preloading 0 native plugins for Editor in 0.00 ms.
Invoked RoslynAnalysisRunner static constructor.
RoslynAnalysisRunner will not be running.
RoslynAnalysisRunner has terminated.
Mono: successfully reloaded assembly
- Completed reload, in  0.804 seconds
Platform modules already initialized, skipping
Refreshing native plugins compatible for Editor in 0.35 ms, found 1 plugins.
Preloading 0 native plugins for Editor in 0.00 ms.
Unloading 1789 Unused Serialized files (Serialized files now loaded: 0)
System memory in use before: 84.9 MB.
System memory in use after: 84.9 MB.

Unloading 13 unused Assets to reduce memory usage. Loaded Objects now: 2265.
Total: 1.969300 ms (FindLiveObjects: 0.181700 ms CreateObjectMapping: 0.075200 ms MarkObjects: 1.615300 ms  DeleteObjects: 0.096200 ms)

========================================================================
Received Import Request.
  Time since last request: 2210.610060 seconds.
  path: Assets/One Button Game/Scenes/Splash Screen.unity
  artifactKey: Guid(16ec091e8ef59e84b8de6020f2867a4d) Importer(815301076,1909f56bfc062723c751e8b465ee728b)
Start importing Assets/One Button Game/Scenes/Splash Screen.unity using Guid(16ec091e8ef59e84b8de6020f2867a4d) Importer(815301076,1909f56bfc062723c751e8b465ee728b)  -> (artifact id: '71987aa59462b4fa07037f31eba26f59') in 0.022893 seconds
  Import took 0.028396 seconds .

========================================================================
Received Import Request.
  Time since last request: 7.091342 seconds.
  path: Assets/One Button Game/Scenes/Main Menu.unity
  artifactKey: Guid(834f9e8f9597bdb4b92caa99cebf2534) Importer(815301076,1909f56bfc062723c751e8b465ee728b)
Start importing Assets/One Button Game/Scenes/Main Menu.unity using Guid(834f9e8f9597bdb4b92caa99cebf2534) Importer(815301076,1909f56bfc062723c751e8b465ee728b)  -> (artifact id: '617d49adc047bef5540aae1f25ffaace') in 0.009477 seconds
  Import took 0.012154 seconds .

========================================================================
Received Import Request.
  Time since last request: 68.819562 seconds.
  path: Assets/One Button Game/Scenes/SampleScene.unity
  artifactKey: Guid(2cda990e2423bbf4892e6590ba056729) Importer(815301076,1909f56bfc062723c751e8b465ee728b)
Start importing Assets/One Button Game/Scenes/SampleScene.unity using Guid(2cda990e2423bbf4892e6590ba056729) Importer(815301076,1909f56bfc062723c751e8b465ee728b)  -> (artifact id: '694ca9c96bcf791ec7b87cc957ec53a1') in 0.009316 seconds
  Import took 0.014952 seconds .

========================================================================
Received Import Request.
  Time since last request: 43.938878 seconds.
  path: Assets/One Button Game/Scenes/Level 1.unity
  artifactKey: Guid(0efef239fa3b9aa44a31bb9fa6d6c743) Importer(815301076,1909f56bfc062723c751e8b465ee728b)
Start importing Assets/One Button Game/Scenes/Level 1.unity using Guid(0efef239fa3b9aa44a31bb9fa6d6c743) Importer(815301076,1909f56bfc062723c751e8b465ee728b)  -> (artifact id: '65c53da3adea10967e3a6df7fb3a0943') in 0.009402 seconds
  Import took 0.013120 seconds .

========================================================================
Received Import Request.
  Time since last request: 397.659930 seconds.
  path: Assets/One Button Game/Scripts/SplashScreen.cs
  artifactKey: Guid(d5ce72e659439394e91b32c2bb610c1a) Importer(815301076,1909f56bfc062723c751e8b465ee728b)
Start importing Assets/One Button Game/Scripts/SplashScreen.cs using Guid(d5ce72e659439394e91b32c2bb610c1a) Importer(815301076,1909f56bfc062723c751e8b465ee728b)  -> (artifact id: 'f264eaad15fd11f2d413781c94baf7e7') in 0.013399 seconds
  Import took 0.022021 seconds .

========================================================================
Received Prepare
Registering precompiled user dll's ...
Registered in 0.001518 seconds.
Begin MonoManager ReloadAssembly
Native extension for WindowsStandalone target not found
Refreshing native plugins compatible for Editor in 0.33 ms, found 1 plugins.
Preloading 0 native plugins for Editor in 0.00 ms.
Invoked RoslynAnalysisRunner static constructor.
RoslynAnalysisRunner will not be running.
RoslynAnalysisRunner has terminated.
Mono: successfully reloaded assembly
- Completed reload, in  0.829 seconds
Platform modules already initialized, skipping
Refreshing native plugins compatible for Editor in 0.42 ms, found 1 plugins.
Preloading 0 native plugins for Editor in 0.00 ms.
Unloading 1790 Unused Serialized files (Serialized files now loaded: 0)
System memory in use before: 85.0 MB.
System memory in use after: 85.0 MB.

Unloading 12 unused Assets to reduce memory usage. Loaded Objects now: 2269.
Total: 1.980100 ms (FindLiveObjects: 0.168800 ms CreateObjectMapping: 0.065400 ms MarkObjects: 1.631400 ms  DeleteObjects: 0.113400 ms)

========================================================================
Received Prepare
Registering precompiled user dll's ...
Registered in 0.000844 seconds.
Begin MonoManager ReloadAssembly
Native extension for WindowsStandalone target not found
Refreshing native plugins compatible for Editor in 0.31 ms, found 1 plugins.
Preloading 0 native plugins for Editor in 0.00 ms.
Invoked RoslynAnalysisRunner static constructor.
RoslynAnalysisRunner will not be running.
RoslynAnalysisRunner has terminated.
Mono: successfully reloaded assembly
- Completed reload, in  0.828 seconds
Platform modules already initialized, skipping
Refreshing native plugins compatible for Editor in 0.42 ms, found 1 plugins.
Preloading 0 native plugins for Editor in 0.00 ms.
Unloading 1790 Unused Serialized files (Serialized files now loaded: 0)
System memory in use before: 85.1 MB.
System memory in use after: 85.1 MB.

Unloading 12 unused Assets to reduce memory usage. Loaded Objects now: 2272.
Total: 2.099500 ms (FindLiveObjects: 0.215700 ms CreateObjectMapping: 0.064100 ms MarkObjects: 1.629200 ms  DeleteObjects: 0.189300 ms)

========================================================================
Received Import Request.
  Time since last request: 228.183900 seconds.
  path: Assets/One Button Game/Scripts/SplashScreen.cs
  artifactKey: Guid(d5ce72e659439394e91b32c2bb610c1a) Importer(815301076,1909f56bfc062723c751e8b465ee728b)
Start importing Assets/One Button Game/Scripts/SplashScreen.cs using Guid(d5ce72e659439394e91b32c2bb610c1a) Importer(815301076,1909f56bfc062723c751e8b465ee728b)  -> (artifact id: '1f659ee619c9cbffa42d5f94a5baaed3') in 0.005293 seconds
  Import took 0.010788 seconds .

========================================================================
Received Prepare
Registering precompiled user dll's ...
Registered in 0.002419 seconds.
Begin MonoManager ReloadAssembly
Native extension for WindowsStandalone target not found
Refreshing native plugins compatible for Editor in 0.32 ms, found 1 plugins.
Preloading 0 native plugins for Editor in 0.00 ms.
Invoked RoslynAnalysisRunner static constructor.
RoslynAnalysisRunner will not be running.
RoslynAnalysisRunner has terminated.
Mono: successfully reloaded assembly
- Completed reload, in  0.810 seconds
Platform modules already initialized, skipping
Refreshing native plugins compatible for Editor in 0.40 ms, found 1 plugins.
Preloading 0 native plugins for Editor in 0.00 ms.
Unloading 1803 Unused Serialized files (Serialized files now loaded: 0)
System memory in use before: 86.8 MB.
System memory in use after: 86.2 MB.

Unloading 25 unused Assets to reduce memory usage. Loaded Objects now: 2275.
Total: 3.876600 ms (FindLiveObjects: 0.216800 ms CreateObjectMapping: 0.123400 ms MarkObjects: 3.129500 ms  DeleteObjects: 0.405600 ms)

========================================================================
Received Prepare
Registering precompiled user dll's ...
Registered in 0.000896 seconds.
Begin MonoManager ReloadAssembly
Native extension for WindowsStandalone target not found
Refreshing native plugins compatible for Editor in 0.33 ms, found 1 plugins.
Preloading 0 native plugins for Editor in 0.00 ms.
Invoked RoslynAnalysisRunner static constructor.
RoslynAnalysisRunner will not be running.
RoslynAnalysisRunner has terminated.
Mono: successfully reloaded assembly
- Completed reload, in  0.805 seconds
Platform modules already initialized, skipping
Refreshing native plugins compatible for Editor in 0.39 ms, found 1 plugins.
Preloading 0 native plugins for Editor in 0.00 ms.
Unloading 1803 Unused Serialized files (Serialized files now loaded: 0)
System memory in use before: 86.9 MB.
System memory in use after: 86.3 MB.

Unloading 25 unused Assets to reduce memory usage. Loaded Objects now: 2278.
Total: 2.406500 ms (FindLiveObjects: 0.185100 ms CreateObjectMapping: 0.089500 ms MarkObjects: 1.687700 ms  DeleteObjects: 0.443000 ms)

========================================================================
Received Prepare
Registering precompiled user dll's ...
Registered in 0.000813 seconds.
Begin MonoManager ReloadAssembly
Native extension for WindowsStandalone target not found
Refreshing native plugins compatible for Editor in 0.37 ms, found 1 plugins.
Preloading 0 native plugins for Editor in 0.00 ms.
Invoked RoslynAnalysisRunner static constructor.
RoslynAnalysisRunner will not be running.
RoslynAnalysisRunner has terminated.
Mono: successfully reloaded assembly
- Completed reload, in  0.797 seconds
Platform modules already initialized, skipping
Refreshing native plugins compatible for Editor in 0.39 ms, found 1 plugins.
Preloading 0 native plugins for Editor in 0.00 ms.
Unloading 1803 Unused Serialized files (Serialized files now loaded: 0)
System memory in use before: 87.0 MB.
System memory in use after: 86.4 MB.

Unloading 25 unused Assets to reduce memory usage. Loaded Objects now: 2281.
Total: 2.330700 ms (FindLiveObjects: 0.215900 ms CreateObjectMapping: 0.064600 ms MarkObjects: 1.646700 ms  DeleteObjects: 0.402700 ms)

========================================================================
Received Prepare
Registering precompiled user dll's ...
Registered in 0.000868 seconds.
Begin MonoManager ReloadAssembly
Native extension for WindowsStandalone target not found
Refreshing native plugins compatible for Editor in 0.32 ms, found 1 plugins.
Preloading 0 native plugins for Editor in 0.00 ms.
Invoked RoslynAnalysisRunner static constructor.
RoslynAnalysisRunner will not be running.
RoslynAnalysisRunner has terminated.
Mono: successfully reloaded assembly
- Completed reload, in  0.800 seconds
Platform modules already initialized, skipping
Refreshing native plugins compatible for Editor in 0.39 ms, found 1 plugins.
Preloading 0 native plugins for Editor in 0.00 ms.
Unloading 1803 Unused Serialized files (Serialized files now loaded: 0)
System memory in use before: 87.0 MB.
System memory in use after: 86.4 MB.

Unloading 25 unused Assets to reduce memory usage. Loaded Objects now: 2284.
Total: 2.168400 ms (FindLiveObjects: 0.194800 ms CreateObjectMapping: 0.088900 ms MarkObjects: 1.497700 ms  DeleteObjects: 0.386200 ms)

========================================================================
Received Prepare
Registering precompiled user dll's ...
Registered in 0.000938 seconds.
Begin MonoManager ReloadAssembly
Native extension for WindowsStandalone target not found
Refreshing native plugins compatible for Editor in 0.49 ms, found 1 plugins.
Preloading 0 native plugins for Editor in 0.00 ms.
Invoked RoslynAnalysisRunner static constructor.
RoslynAnalysisRunner will not be running.
RoslynAnalysisRunner has terminated.
Mono: successfully reloaded assembly
- Completed reload, in  0.811 seconds
Platform modules already initialized, skipping
Refreshing native plugins compatible for Editor in 0.34 ms, found 1 plugins.
Preloading 0 native plugins for Editor in 0.00 ms.
Unloading 1803 Unused Serialized files (Serialized files now loaded: 0)
System memory in use before: 87.0 MB.
System memory in use after: 86.5 MB.

Unloading 25 unused Assets to reduce memory usage. Loaded Objects now: 2287.
Total: 2.185200 ms (FindLiveObjects: 0.166300 ms CreateObjectMapping: 0.076200 ms MarkObjects: 1.560800 ms  DeleteObjects: 0.380700 ms)

========================================================================
Received Prepare
Registering precompiled user dll's ...
Registered in 0.000888 seconds.
Begin MonoManager ReloadAssembly
Native extension for WindowsStandalone target not found
Refreshing native plugins compatible for Editor in 0.39 ms, found 1 plugins.
Preloading 0 native plugins for Editor in 0.00 ms.
Invoked RoslynAnalysisRunner static constructor.
RoslynAnalysisRunner will not be running.
RoslynAnalysisRunner has terminated.
Mono: successfully reloaded assembly
- Completed reload, in  0.792 seconds
Platform modules already initialized, skipping
Refreshing native plugins compatible for Editor in 0.39 ms, found 1 plugins.
Preloading 0 native plugins for Editor in 0.00 ms.
Unloading 1803 Unused Serialized files (Serialized files now loaded: 0)
System memory in use before: 87.1 MB.
System memory in use after: 86.6 MB.

Unloading 25 unused Assets to reduce memory usage. Loaded Objects now: 2290.
Total: 2.444500 ms (FindLiveObjects: 0.189800 ms CreateObjectMapping: 0.093300 ms MarkObjects: 1.707700 ms  DeleteObjects: 0.452700 ms)

========================================================================
Received Prepare
Registering precompiled user dll's ...
Registered in 0.000797 seconds.
Begin MonoManager ReloadAssembly
Native extension for WindowsStandalone target not found
Refreshing native plugins compatible for Editor in 0.32 ms, found 1 plugins.
Preloading 0 native plugins for Editor in 0.00 ms.
Invoked RoslynAnalysisRunner static constructor.
RoslynAnalysisRunner will not be running.
RoslynAnalysisRunner has terminated.
Mono: successfully reloaded assembly
- Completed reload, in  0.798 seconds
Platform modules already initialized, skipping
Refreshing native plugins compatible for Editor in 0.39 ms, found 1 plugins.
Preloading 0 native plugins for Editor in 0.00 ms.
Unloading 1803 Unused Serialized files (Serialized files now loaded: 0)
System memory in use before: 87.2 MB.
System memory in use after: 86.6 MB.

Unloading 25 unused Assets to reduce memory usage. Loaded Objects now: 2293.
Total: 2.120300 ms (FindLiveObjects: 0.187600 ms CreateObjectMapping: 0.064800 ms MarkObjects: 1.472600 ms  DeleteObjects: 0.394400 ms)

========================================================================
Received Prepare
Registering precompiled user dll's ...
Registered in 0.000798 seconds.
Begin MonoManager ReloadAssembly
Native extension for WindowsStandalone target not found
Refreshing native plugins compatible for Editor in 0.33 ms, found 1 plugins.
Preloading 0 native plugins for Editor in 0.00 ms.
Invoked RoslynAnalysisRunner static constructor.
RoslynAnalysisRunner will not be running.
RoslynAnalysisRunner has terminated.
Mono: successfully reloaded assembly
- Completed reload, in  0.795 seconds
Platform modules already initialized, skipping
Refreshing native plugins compatible for Editor in 0.35 ms, found 1 plugins.
Preloading 0 native plugins for Editor in 0.00 ms.
Unloading 1803 Unused Serialized files (Serialized files now loaded: 0)
System memory in use before: 87.3 MB.
System memory in use after: 86.7 MB.

Unloading 25 unused Assets to reduce memory usage. Loaded Objects now: 2296.
Total: 2.341100 ms (FindLiveObjects: 0.187200 ms CreateObjectMapping: 0.076600 ms MarkObjects: 1.696100 ms  DeleteObjects: 0.380100 ms)

========================================================================
Received Prepare
Registering precompiled user dll's ...
Registered in 0.000823 seconds.
Begin MonoManager ReloadAssembly
Native extension for WindowsStandalone target not found
Refreshing native plugins compatible for Editor in 0.33 ms, found 1 plugins.
Preloading 0 native plugins for Editor in 0.00 ms.
Invoked RoslynAnalysisRunner static constructor.
RoslynAnalysisRunner will not be running.
RoslynAnalysisRunner has terminated.
Mono: successfully reloaded assembly
- Completed reload, in  0.806 seconds
Platform modules already initialized, skipping
Refreshing native plugins compatible for Editor in 0.34 ms, found 1 plugins.
Preloading 0 native plugins for Editor in 0.00 ms.
Unloading 1803 Unused Serialized files (Serialized files now loaded: 0)
System memory in use before: 87.3 MB.
System memory in use after: 86.8 MB.

Unloading 25 unused Assets to reduce memory usage. Loaded Objects now: 2299.
Total: 2.089400 ms (FindLiveObjects: 0.179000 ms CreateObjectMapping: 0.077200 ms MarkObjects: 1.456000 ms  DeleteObjects: 0.375800 ms)

========================================================================
Received Prepare
Registering precompiled user dll's ...
Registered in 0.001153 seconds.
Begin MonoManager ReloadAssembly
Native extension for WindowsStandalone target not found
Refreshing native plugins compatible for Editor in 0.33 ms, found 1 plugins.
Preloading 0 native plugins for Editor in 0.00 ms.
Invoked RoslynAnalysisRunner static constructor.
RoslynAnalysisRunner will not be running.
RoslynAnalysisRunner has terminated.
Mono: successfully reloaded assembly
- Completed reload, in  0.800 seconds
Platform modules already initialized, skipping
Refreshing native plugins compatible for Editor in 0.34 ms, found 1 plugins.
Preloading 0 native plugins for Editor in 0.00 ms.
Unloading 1803 Unused Serialized files (Serialized files now loaded: 0)
System memory in use before: 87.4 MB.
System memory in use after: 86.8 MB.

Unloading 25 unused Assets to reduce memory usage. Loaded Objects now: 2302.
Total: 2.418600 ms (FindLiveObjects: 0.189400 ms CreateObjectMapping: 0.099800 ms MarkObjects: 1.747600 ms  DeleteObjects: 0.380800 ms)

========================================================================
Received Prepare
Registering precompiled user dll's ...
Registered in 0.000803 seconds.
Begin MonoManager ReloadAssembly
Native extension for WindowsStandalone target not found
Refreshing native plugins compatible for Editor in 0.35 ms, found 1 plugins.
Preloading 0 native plugins for Editor in 0.00 ms.
Invoked RoslynAnalysisRunner static constructor.
RoslynAnalysisRunner will not be running.
RoslynAnalysisRunner has terminated.
Mono: successfully reloaded assembly
- Completed reload, in  0.806 seconds
Platform modules already initialized, skipping
Refreshing native plugins compatible for Editor in 0.39 ms, found 1 plugins.
Preloading 0 native plugins for Editor in 0.00 ms.
Unloading 1803 Unused Serialized files (Serialized files now loaded: 0)
System memory in use before: 87.5 MB.
System memory in use after: 86.9 MB.

Unloading 25 unused Assets to reduce memory usage. Loaded Objects now: 2305.
Total: 2.405300 ms (FindLiveObjects: 0.193900 ms CreateObjectMapping: 0.073400 ms MarkObjects: 1.762000 ms  DeleteObjects: 0.375100 ms)

========================================================================
Received Prepare
Registering precompiled user dll's ...
Registered in 0.001041 seconds.
Begin MonoManager ReloadAssembly
Native extension for WindowsStandalone target not found
Refreshing native plugins compatible for Editor in 0.39 ms, found 1 plugins.
Preloading 0 native plugins for Editor in 0.00 ms.
Invoked RoslynAnalysisRunner static constructor.
RoslynAnalysisRunner will not be running.
RoslynAnalysisRunner has terminated.
Mono: successfully reloaded assembly
- Completed reload, in  0.820 seconds
Platform modules already initialized, skipping
Refreshing native plugins compatible for Editor in 0.39 ms, found 1 plugins.
Preloading 0 native plugins for Editor in 0.00 ms.
Unloading 1803 Unused Serialized files (Serialized files now loaded: 0)
System memory in use before: 87.5 MB.
System memory in use after: 86.9 MB.

Unloading 25 unused Assets to reduce memory usage. Loaded Objects now: 2308.
Total: 2.324600 ms (FindLiveObjects: 0.180900 ms CreateObjectMapping: 0.086700 ms MarkObjects: 1.619300 ms  DeleteObjects: 0.436700 ms)

========================================================================
Received Prepare
Registering precompiled user dll's ...
Registered in 0.000970 seconds.
Begin MonoManager ReloadAssembly
Native extension for WindowsStandalone target not found
Refreshing native plugins compatible for Editor in 0.32 ms, found 1 plugins.
Preloading 0 native plugins for Editor in 0.00 ms.
Invoked RoslynAnalysisRunner static constructor.
RoslynAnalysisRunner will not be running.
RoslynAnalysisRunner has terminated.
Mono: successfully reloaded assembly
- Completed reload, in  0.795 seconds
Platform modules already initialized, skipping
Refreshing native plugins compatible for Editor in 0.39 ms, found 1 plugins.
Preloading 0 native plugins for Editor in 0.00 ms.
Unloading 1803 Unused Serialized files (Serialized files now loaded: 0)
System memory in use before: 87.6 MB.
System memory in use after: 87.0 MB.

Unloading 25 unused Assets to reduce memory usage. Loaded Objects now: 2311.
Total: 2.357600 ms (FindLiveObjects: 0.181900 ms CreateObjectMapping: 0.066000 ms MarkObjects: 1.715500 ms  DeleteObjects: 0.393400 ms)

========================================================================
Received Prepare
Registering precompiled user dll's ...
Registered in 0.000791 seconds.
Begin MonoManager ReloadAssembly
Native extension for WindowsStandalone target not found
Refreshing native plugins compatible for Editor in 0.33 ms, found 1 plugins.
Preloading 0 native plugins for Editor in 0.00 ms.
Invoked RoslynAnalysisRunner static constructor.
RoslynAnalysisRunner will not be running.
RoslynAnalysisRunner has terminated.
Mono: successfully reloaded assembly
- Completed reload, in  0.808 seconds
Platform modules already initialized, skipping
Refreshing native plugins compatible for Editor in 0.43 ms, found 1 plugins.
Preloading 0 native plugins for Editor in 0.00 ms.
Unloading 1803 Unused Serialized files (Serialized files now loaded: 0)
System memory in use before: 87.7 MB.
System memory in use after: 87.1 MB.

Unloading 25 unused Assets to reduce memory usage. Loaded Objects now: 2314.
Total: 2.161000 ms (FindLiveObjects: 0.265500 ms CreateObjectMapping: 0.062300 ms MarkObjects: 1.438500 ms  DeleteObjects: 0.393900 ms)

========================================================================
Received Prepare
Registering precompiled user dll's ...
Registered in 0.000902 seconds.
Begin MonoManager ReloadAssembly
Native extension for WindowsStandalone target not found
Refreshing native plugins compatible for Editor in 0.44 ms, found 1 plugins.
Preloading 0 native plugins for Editor in 0.00 ms.
Invoked RoslynAnalysisRunner static constructor.
RoslynAnalysisRunner will not be running.
RoslynAnalysisRunner has terminated.
Mono: successfully reloaded assembly
- Completed reload, in  0.812 seconds
Platform modules already initialized, skipping
Refreshing native plugins compatible for Editor in 0.39 ms, found 1 plugins.
Preloading 0 native plugins for Editor in 0.00 ms.
Unloading 1803 Unused Serialized files (Serialized files now loaded: 0)
System memory in use before: 87.7 MB.
System memory in use after: 87.1 MB.

Unloading 25 unused Assets to reduce memory usage. Loaded Objects now: 2317.
Total: 2.379300 ms (FindLiveObjects: 0.195100 ms CreateObjectMapping: 0.076100 ms MarkObjects: 1.707400 ms  DeleteObjects: 0.400100 ms)

========================================================================
Received Prepare
Registering precompiled user dll's ...
Registered in 0.001119 seconds.
Begin MonoManager ReloadAssembly
Native extension for WindowsStandalone target not found
Refreshing native plugins compatible for Editor in 0.52 ms, found 1 plugins.
Preloading 0 native plugins for Editor in 0.00 ms.
Invoked RoslynAnalysisRunner static constructor.
RoslynAnalysisRunner will not be running.
RoslynAnalysisRunner has terminated.
Mono: successfully reloaded assembly
- Completed reload, in  0.803 seconds
Platform modules already initialized, skipping
Refreshing native plugins compatible for Editor in 0.39 ms, found 1 plugins.
Preloading 0 native plugins for Editor in 0.00 ms.
Unloading 1803 Unused Serialized files (Serialized files now loaded: 0)
System memory in use before: 87.8 MB.
System memory in use after: 87.2 MB.

Unloading 25 unused Assets to reduce memory usage. Loaded Objects now: 2320.
Total: 2.331800 ms (FindLiveObjects: 0.181000 ms CreateObjectMapping: 0.078700 ms MarkObjects: 1.685700 ms  DeleteObjects: 0.385600 ms)

========================================================================
Received Prepare
Registering precompiled user dll's ...
Registered in 0.000939 seconds.
Begin MonoManager ReloadAssembly
Native extension for WindowsStandalone target not found
Refreshing native plugins compatible for Editor in 0.42 ms, found 1 plugins.
Preloading 0 native plugins for Editor in 0.00 ms.
Invoked RoslynAnalysisRunner static constructor.
RoslynAnalysisRunner will not be running.
RoslynAnalysisRunner has terminated.
Mono: successfully reloaded assembly
- Completed reload, in  0.798 seconds
Platform modules already initialized, skipping
Refreshing native plugins compatible for Editor in 0.38 ms, found 1 plugins.
Preloading 0 native plugins for Editor in 0.00 ms.
Unloading 1803 Unused Serialized files (Serialized files now loaded: 0)
System memory in use before: 87.8 MB.
System memory in use after: 87.3 MB.

Unloading 25 unused Assets to reduce memory usage. Loaded Objects now: 2323.
Total: 2.553900 ms (FindLiveObjects: 0.191300 ms CreateObjectMapping: 0.078400 ms MarkObjects: 1.710300 ms  DeleteObjects: 0.572900 ms)

========================================================================
Received Prepare
Registering precompiled user dll's ...
Registered in 0.000792 seconds.
Begin MonoManager ReloadAssembly
Native extension for WindowsStandalone target not found
Refreshing native plugins compatible for Editor in 0.33 ms, found 1 plugins.
Preloading 0 native plugins for Editor in 0.00 ms.
Invoked RoslynAnalysisRunner static constructor.
RoslynAnalysisRunner will not be running.
RoslynAnalysisRunner has terminated.
Mono: successfully reloaded assembly
- Completed reload, in  0.808 seconds
Platform modules already initialized, skipping
Refreshing native plugins compatible for Editor in 0.40 ms, found 1 plugins.
Preloading 0 native plugins for Editor in 0.00 ms.
Unloading 1803 Unused Serialized files (Serialized files now loaded: 0)
System memory in use before: 87.9 MB.
System memory in use after: 87.3 MB.

Unloading 25 unused Assets to reduce memory usage. Loaded Objects now: 2326.
Total: 2.133800 ms (FindLiveObjects: 0.185500 ms CreateObjectMapping: 0.073400 ms MarkObjects: 1.469800 ms  DeleteObjects: 0.404200 ms)

========================================================================
Received Prepare
Registering precompiled user dll's ...
Registered in 0.000841 seconds.
Begin MonoManager ReloadAssembly
Native extension for WindowsStandalone target not found
Refreshing native plugins compatible for Editor in 0.32 ms, found 1 plugins.
Preloading 0 native plugins for Editor in 0.00 ms.
Invoked RoslynAnalysisRunner static constructor.
RoslynAnalysisRunner will not be running.
RoslynAnalysisRunner has terminated.
Mono: successfully reloaded assembly
- Completed reload, in  0.812 seconds
Platform modules already initialized, skipping
Refreshing native plugins compatible for Editor in 0.35 ms, found 1 plugins.
Preloading 0 native plugins for Editor in 0.00 ms.
Unloading 1803 Unused Serialized files (Serialized files now loaded: 0)
System memory in use before: 88.0 MB.
System memory in use after: 87.4 MB.

Unloading 25 unused Assets to reduce memory usage. Loaded Objects now: 2329.
Total: 2.259600 ms (FindLiveObjects: 0.178900 ms CreateObjectMapping: 0.063900 ms MarkObjects: 1.625300 ms  DeleteObjects: 0.390500 ms)

========================================================================
Received Prepare
Registering precompiled user dll's ...
Registered in 0.000793 seconds.
Begin MonoManager ReloadAssembly
Native extension for WindowsStandalone target not found
Refreshing native plugins compatible for Editor in 0.36 ms, found 1 plugins.
Preloading 0 native plugins for Editor in 0.00 ms.
Invoked RoslynAnalysisRunner static constructor.
RoslynAnalysisRunner will not be running.
RoslynAnalysisRunner has terminated.
Mono: successfully reloaded assembly
- Completed reload, in  0.803 seconds
Platform modules already initialized, skipping
Refreshing native plugins compatible for Editor in 0.36 ms, found 1 plugins.
Preloading 0 native plugins for Editor in 0.00 ms.
Unloading 1803 Unused Serialized files (Serialized files now loaded: 0)
System memory in use before: 88.0 MB.
System memory in use after: 87.4 MB.

Unloading 25 unused Assets to reduce memory usage. Loaded Objects now: 2332.
Total: 2.181700 ms (FindLiveObjects: 0.201300 ms CreateObjectMapping: 0.070000 ms MarkObjects: 1.531700 ms  DeleteObjects: 0.377900 ms)

========================================================================
Received Prepare
Registering precompiled user dll's ...
Registered in 0.000794 seconds.
Begin MonoManager ReloadAssembly
Native extension for WindowsStandalone target not found
Refreshing native plugins compatible for Editor in 0.33 ms, found 1 plugins.
Preloading 0 native plugins for Editor in 0.00 ms.
Invoked RoslynAnalysisRunner static constructor.
RoslynAnalysisRunner will not be running.
RoslynAnalysisRunner has terminated.
Mono: successfully reloaded assembly
- Completed reload, in  1.017 seconds
Platform modules already initialized, skipping
Refreshing native plugins compatible for Editor in 0.39 ms, found 1 plugins.
Preloading 0 native plugins for Editor in 0.00 ms.
Unloading 1804 Unused Serialized files (Serialized files now loaded: 0)
System memory in use before: 88.1 MB.
System memory in use after: 87.5 MB.

Unloading 25 unused Assets to reduce memory usage. Loaded Objects now: 2336.
Total: 2.133300 ms (FindLiveObjects: 0.201500 ms CreateObjectMapping: 0.099500 ms MarkObjects: 1.442500 ms  DeleteObjects: 0.388600 ms)

========================================================================
Received Import Request.
  Time since last request: 2460.046109 seconds.
  path: Assets/One Button Game/Scripts/SceneLoader.cs
  artifactKey: Guid(1cebff6ed83b1df43a60843e829a10d0) Importer(815301076,1909f56bfc062723c751e8b465ee728b)
Start importing Assets/One Button Game/Scripts/SceneLoader.cs using Guid(1cebff6ed83b1df43a60843e829a10d0) Importer(815301076,1909f56bfc062723c751e8b465ee728b)  -> (artifact id: '444906b320962e0c6305bf0346d5fe65') in 0.010752 seconds
  Import took 0.013466 seconds .

========================================================================
Received Prepare
Registering precompiled user dll's ...
Registered in 0.000840 seconds.
Begin MonoManager ReloadAssembly
Native extension for WindowsStandalone target not found
Refreshing native plugins compatible for Editor in 0.32 ms, found 1 plugins.
Preloading 0 native plugins for Editor in 0.00 ms.
Invoked RoslynAnalysisRunner static constructor.
RoslynAnalysisRunner will not be running.
RoslynAnalysisRunner has terminated.
Mono: successfully reloaded assembly
- Completed reload, in  0.842 seconds
Platform modules already initialized, skipping
Refreshing native plugins compatible for Editor in 0.43 ms, found 1 plugins.
Preloading 0 native plugins for Editor in 0.00 ms.
Unloading 1804 Unused Serialized files (Serialized files now loaded: 0)
System memory in use before: 88.2 MB.
System memory in use after: 87.6 MB.

Unloading 25 unused Assets to reduce memory usage. Loaded Objects now: 2339.
Total: 2.354100 ms (FindLiveObjects: 0.266700 ms CreateObjectMapping: 0.070200 ms MarkObjects: 1.629500 ms  DeleteObjects: 0.386400 ms)

========================================================================
Received Prepare
Registering precompiled user dll's ...
Registered in 0.000904 seconds.
Begin MonoManager ReloadAssembly
Native extension for WindowsStandalone target not found
Refreshing native plugins compatible for Editor in 0.35 ms, found 1 plugins.
Preloading 0 native plugins for Editor in 0.00 ms.
Invoked RoslynAnalysisRunner static constructor.
RoslynAnalysisRunner will not be running.
RoslynAnalysisRunner has terminated.
Mono: successfully reloaded assembly
- Completed reload, in  0.846 seconds
Platform modules already initialized, skipping
Refreshing native plugins compatible for Editor in 0.39 ms, found 1 plugins.
Preloading 0 native plugins for Editor in 0.00 ms.
Unloading 1804 Unused Serialized files (Serialized files now loaded: 0)
System memory in use before: 88.2 MB.
System memory in use after: 87.6 MB.

Unloading 25 unused Assets to reduce memory usage. Loaded Objects now: 2342.
Total: 2.403900 ms (FindLiveObjects: 0.194500 ms CreateObjectMapping: 0.072900 ms MarkObjects: 1.669800 ms  DeleteObjects: 0.465600 ms)

========================================================================
Received Import Request.
  Time since last request: 134.669714 seconds.
  path: Assets/One Button Game/Scripts/SceneLoader.cs
  artifactKey: Guid(1cebff6ed83b1df43a60843e829a10d0) Importer(815301076,1909f56bfc062723c751e8b465ee728b)
Start importing Assets/One Button Game/Scripts/SceneLoader.cs using Guid(1cebff6ed83b1df43a60843e829a10d0) Importer(815301076,1909f56bfc062723c751e8b465ee728b)  -> (artifact id: '881c5f3174d9467e9918de5405a79f20') in 0.005360 seconds
  Import took 0.010925 seconds .

========================================================================
Received Prepare
Registering precompiled user dll's ...
Registered in 0.000992 seconds.
Begin MonoManager ReloadAssembly
Native extension for WindowsStandalone target not found
Refreshing native plugins compatible for Editor in 0.33 ms, found 1 plugins.
Preloading 0 native plugins for Editor in 0.00 ms.
Invoked RoslynAnalysisRunner static constructor.
RoslynAnalysisRunner will not be running.
RoslynAnalysisRunner has terminated.
Mono: successfully reloaded assembly
- Completed reload, in  0.841 seconds
Platform modules already initialized, skipping
Refreshing native plugins compatible for Editor in 0.45 ms, found 1 plugins.
Preloading 0 native plugins for Editor in 0.00 ms.
Unloading 1804 Unused Serialized files (Serialized files now loaded: 0)
System memory in use before: 87.3 MB.
System memory in use after: 86.7 MB.

Unloading 25 unused Assets to reduce memory usage. Loaded Objects now: 2345.
Total: 2.341600 ms (FindLiveObjects: 0.181000 ms CreateObjectMapping: 0.069100 ms MarkObjects: 1.697500 ms  DeleteObjects: 0.392700 ms)

========================================================================
Received Import Request.
  Time since last request: 116.008586 seconds.
  path: Assets/One Button Game/Scenes/Splash Screen.unity
  artifactKey: Guid(16ec091e8ef59e84b8de6020f2867a4d) Importer(815301076,1909f56bfc062723c751e8b465ee728b)
Start importing Assets/One Button Game/Scenes/Splash Screen.unity using Guid(16ec091e8ef59e84b8de6020f2867a4d) Importer(815301076,1909f56bfc062723c751e8b465ee728b)  -> (artifact id: '60dc67d2b1df41a70e12ebd8eced47d5') in 0.016658 seconds
  Import took 0.019377 seconds .

========================================================================
Received Import Request.
  Time since last request: 26.997647 seconds.
  path: Assets/One Button Game/Scripts/SceneLoader.cs
  artifactKey: Guid(1cebff6ed83b1df43a60843e829a10d0) Importer(815301076,1909f56bfc062723c751e8b465ee728b)
Start importing Assets/One Button Game/Scripts/SceneLoader.cs using Guid(1cebff6ed83b1df43a60843e829a10d0) Importer(815301076,1909f56bfc062723c751e8b465ee728b)  -> (artifact id: '02216a983dacb950703431d6ed1ef90b') in 0.007561 seconds
  Import took 0.013006 seconds .

========================================================================
Received Import Request.
  Time since last request: 0.000919 seconds.
  path: Assets/One Button Game/Scripts/SceneLoader.cs
  artifactKey: Guid(1cebff6ed83b1df43a60843e829a10d0) Importer(815301076,1909f56bfc062723c751e8b465ee728b)
Start importing Assets/One Button Game/Scripts/SceneLoader.cs using Guid(1cebff6ed83b1df43a60843e829a10d0) Importer(815301076,1909f56bfc062723c751e8b465ee728b)  -> (artifact id: '02216a983dacb950703431d6ed1ef90b') in 0.005596 seconds
  Import took 0.008713 seconds .

========================================================================
Received Prepare
Registering precompiled user dll's ...
Registered in 0.000821 seconds.
Begin MonoManager ReloadAssembly
Native extension for WindowsStandalone target not found
Refreshing native plugins compatible for Editor in 0.32 ms, found 1 plugins.
Preloading 0 native plugins for Editor in 0.00 ms.
Invoked RoslynAnalysisRunner static constructor.
RoslynAnalysisRunner will not be running.
RoslynAnalysisRunner has terminated.
Mono: successfully reloaded assembly
- Completed reload, in  0.793 seconds
Platform modules already initialized, skipping
Refreshing native plugins compatible for Editor in 0.35 ms, found 1 plugins.
Preloading 0 native plugins for Editor in 0.00 ms.
Unloading 1804 Unused Serialized files (Serialized files now loaded: 0)
System memory in use before: 87.4 MB.
System memory in use after: 86.8 MB.

Unloading 25 unused Assets to reduce memory usage. Loaded Objects now: 2348.
Total: 2.270500 ms (FindLiveObjects: 0.184500 ms CreateObjectMapping: 0.089500 ms MarkObjects: 1.593200 ms  DeleteObjects: 0.402200 ms)

========================================================================
Received Prepare
Registering precompiled user dll's ...
Registered in 0.000931 seconds.
Begin MonoManager ReloadAssembly
Native extension for WindowsStandalone target not found
Refreshing native plugins compatible for Editor in 0.36 ms, found 1 plugins.
Preloading 0 native plugins for Editor in 0.00 ms.
Invoked RoslynAnalysisRunner static constructor.
RoslynAnalysisRunner will not be running.
RoslynAnalysisRunner has terminated.
Mono: successfully reloaded assembly
- Completed reload, in  0.815 seconds
Platform modules already initialized, skipping
Refreshing native plugins compatible for Editor in 0.40 ms, found 1 plugins.
Preloading 0 native plugins for Editor in 0.00 ms.
Unloading 1804 Unused Serialized files (Serialized files now loaded: 0)
System memory in use before: 87.4 MB.
System memory in use after: 86.9 MB.

Unloading 25 unused Assets to reduce memory usage. Loaded Objects now: 2351.
Total: 2.234200 ms (FindLiveObjects: 0.236900 ms CreateObjectMapping: 0.070400 ms MarkObjects: 1.523300 ms  DeleteObjects: 0.402800 ms)

========================================================================
Received Import Request.
  Time since last request: 63.119350 seconds.
  path: Assets/One Button Game/Scenes/Main Menu.unity
  artifactKey: Guid(834f9e8f9597bdb4b92caa99cebf2534) Importer(815301076,1909f56bfc062723c751e8b465ee728b)
Start importing Assets/One Button Game/Scenes/Main Menu.unity using Guid(834f9e8f9597bdb4b92caa99cebf2534) Importer(815301076,1909f56bfc062723c751e8b465ee728b)  -> (artifact id: '7183d428553ba4656726569dcc0b8e7a') in 0.017122 seconds
  Import took 0.020257 seconds .

========================================================================
Received Import Request.
  Time since last request: 0.003026 seconds.
  path: Assets/One Button Game/Scenes/Main Menu.unity
  artifactKey: Guid(834f9e8f9597bdb4b92caa99cebf2534) Importer(815301076,1909f56bfc062723c751e8b465ee728b)
Start importing Assets/One Button Game/Scenes/Main Menu.unity using Guid(834f9e8f9597bdb4b92caa99cebf2534) Importer(815301076,1909f56bfc062723c751e8b465ee728b)  -> (artifact id: '7183d428553ba4656726569dcc0b8e7a') in 0.004544 seconds
  Import took 0.007673 seconds .

========================================================================
Received Prepare
Registering precompiled user dll's ...
Registered in 0.000885 seconds.
Begin MonoManager ReloadAssembly
Native extension for WindowsStandalone target not found
Refreshing native plugins compatible for Editor in 0.33 ms, found 1 plugins.
Preloading 0 native plugins for Editor in 0.00 ms.
Invoked RoslynAnalysisRunner static constructor.
RoslynAnalysisRunner will not be running.
RoslynAnalysisRunner has terminated.
Mono: successfully reloaded assembly
- Completed reload, in  0.827 seconds
Platform modules already initialized, skipping
Refreshing native plugins compatible for Editor in 0.39 ms, found 1 plugins.
Preloading 0 native plugins for Editor in 0.00 ms.
Unloading 1804 Unused Serialized files (Serialized files now loaded: 0)
System memory in use before: 87.5 MB.
System memory in use after: 86.9 MB.

Unloading 25 unused Assets to reduce memory usage. Loaded Objects now: 2354.
Total: 4.030400 ms (FindLiveObjects: 0.699200 ms CreateObjectMapping: 0.247200 ms MarkObjects: 2.630100 ms  DeleteObjects: 0.452600 ms)

========================================================================
Received Import Request.
  Time since last request: 5.302875 seconds.
  path: Assets/One Button Game/Scenes/Splash Screen.unity
  artifactKey: Guid(16ec091e8ef59e84b8de6020f2867a4d) Importer(815301076,1909f56bfc062723c751e8b465ee728b)
Start importing Assets/One Button Game/Scenes/Splash Screen.unity using Guid(16ec091e8ef59e84b8de6020f2867a4d) Importer(815301076,1909f56bfc062723c751e8b465ee728b)  -> (artifact id: '9b64f42334a05ca0d2136b4d2943f9f7') in 0.012720 seconds
  Import took 0.017820 seconds .

========================================================================
Received Prepare
Registering precompiled user dll's ...
Registered in 0.000787 seconds.
Begin MonoManager ReloadAssembly
Native extension for WindowsStandalone target not found
Refreshing native plugins compatible for Editor in 0.32 ms, found 1 plugins.
Preloading 0 native plugins for Editor in 0.00 ms.
Invoked RoslynAnalysisRunner static constructor.
RoslynAnalysisRunner will not be running.
RoslynAnalysisRunner has terminated.
Mono: successfully reloaded assembly
- Completed reload, in  0.805 seconds
Platform modules already initialized, skipping
Refreshing native plugins compatible for Editor in 0.43 ms, found 1 plugins.
Preloading 0 native plugins for Editor in 0.00 ms.
Unloading 1804 Unused Serialized files (Serialized files now loaded: 0)
System memory in use before: 87.6 MB.
System memory in use after: 87.0 MB.

Unloading 25 unused Assets to reduce memory usage. Loaded Objects now: 2357.
Total: 2.519300 ms (FindLiveObjects: 0.372900 ms CreateObjectMapping: 0.142900 ms MarkObjects: 1.586100 ms  DeleteObjects: 0.416000 ms)

AssetImportWorkerClient::OnTransportError - code=2 error=End of file
